Using pre-set license
Built from '2020.3/staging' branch; Version is '2020.3.0f1 (c7b5465681fb) revision 13088070'; Using compiler version '192528614'; Build Type 'Release'
OS: 'Windows 10 Pro; OS build 19043.1526; Version 2009; 64bit' Language: 'ru' Physical Memory: 16332 MB
BatchMode: 1, IsHumanControllingUs: 0, StartBugReporterOnCrash: 0, Is64bit: 1, IsPro: 0

 COMMAND LINE ARGUMENTS:
C:\Program Files\Unity\Hub\Editor\2020.3.0f1\Editor\Unity.exe
-adb2
-batchMode
-noUpm
-name
AssetImportWorker0
-projectPath
D:/Barmin Daniil GameDev/myvnm
-logFile
Logs/AssetImportWorker0.log
-srvPort
61739
Successfully changed project path to: D:/Barmin Daniil GameDev/myvnm
D:/Barmin Daniil GameDev/myvnm
Using Asset Import Pipeline V2.
Refreshing native plugins compatible for Editor in 44.47 ms, found 1 plugins.
Preloading 0 native plugins for Editor in 0.00 ms.
Initialize engine version: 2020.3.0f1 (c7b5465681fb)
[Subsystems] Discovering subsystems at path C:/Program Files/Unity/Hub/Editor/2020.3.0f1/Editor/Data/Resources/UnitySubsystems
[Subsystems] Discovering subsystems at path D:/Barmin Daniil GameDev/myvnm/Assets
GfxDevice: creating device client; threaded=0
Direct3D:
    Version:  Direct3D 11.0 [level 11.1]
    Renderer: NVIDIA GeForce GTX 1660 Ti (ID=0x2182)
    Vendor:   
    VRAM:     5991 MB
    Driver:   27.21.14.6611
Initialize mono
Mono path[0] = 'C:/Program Files/Unity/Hub/Editor/2020.3.0f1/Editor/Data/Managed'
Mono path[1] = 'C:/Program Files/Unity/Hub/Editor/2020.3.0f1/Editor/Data/MonoBleedingEdge/lib/mono/unityjit'
Mono config path = 'C:/Program Files/Unity/Hub/Editor/2020.3.0f1/Editor/Data/MonoBleedingEdge/etc'
Using monoOptions --debugger-agent=transport=dt_socket,embedding=1,server=y,suspend=n,address=127.0.0.1:56876
Begin MonoManager ReloadAssembly
Registering precompiled unity dll's ...
Register platform support module: C:/Program Files/Unity/Hub/Editor/2020.3.0f1/Editor/Data/PlaybackEngines/WindowsStandaloneSupport/UnityEditor.WindowsStandalone.Extensions.dll
Registered in 0.001549 seconds.
Native extension for WindowsStandalone target not found
Refreshing native plugins compatible for Editor in 42.09 ms, found 1 plugins.
Preloading 0 native plugins for Editor in 0.00 ms.
Invoked RoslynAnalysisRunner static constructor.
RoslynAnalysisRunner will not be running.
RoslynAnalysisRunner has terminated.
Mono: successfully reloaded assembly
- Completed reload, in  1.391 seconds
Platform modules already initialized, skipping
Registering precompiled user dll's ...
Registered in 0.000694 seconds.
Begin MonoManager ReloadAssembly
Native extension for WindowsStandalone target not found
Refreshing native plugins compatible for Editor in 41.94 ms, found 1 plugins.
Preloading 0 native plugins for Editor in 0.00 ms.
Invoked RoslynAnalysisRunner static constructor.
RoslynAnalysisRunner will not be running.
RoslynAnalysisRunner has terminated.
Mono: successfully reloaded assembly
- Completed reload, in  0.847 seconds
Platform modules already initialized, skipping
========================================================================
Worker process is ready to serve import requests
Launched and connected shader compiler UnityShaderCompiler.exe after 0.03 seconds
Refreshing native plugins compatible for Editor in 0.52 ms, found 1 plugins.
Preloading 0 native plugins for Editor in 0.00 ms.
Unloading 2654 Unused Serialized files (Serialized files now loaded: 0)
System memory in use before: 109.4 MB.
System memory in use after: 109.6 MB.

Unloading 32 unused Assets to reduce memory usage. Loaded Objects now: 3088.
Total: 2.212200 ms (FindLiveObjects: 0.331700 ms CreateObjectMapping: 0.175600 ms MarkObjects: 1.637300 ms  DeleteObjects: 0.066600 ms)

========================================================================
Received Import Request.
  path: Assets/Scenes/Main.unity
  artifactKey: Guid(c707d77fe6c60ff4eb9e9bcd0f71a7e6) Importer(815301076,1909f56bfc062723c751e8b465ee728b)
Start importing Assets/Scenes/Main.unity using Guid(c707d77fe6c60ff4eb9e9bcd0f71a7e6) Importer(815301076,1909f56bfc062723c751e8b465ee728b)  -> (artifact id: '1e8c83caa4de767164db339ba26303bc') in 0.036342 seconds
  Import took 0.040111 seconds .

========================================================================
Received Prepare
Registering precompiled user dll's ...
Registered in 0.000633 seconds.
Begin MonoManager ReloadAssembly
Native extension for WindowsStandalone target not found
Refreshing native plugins compatible for Editor in 0.61 ms, found 1 plugins.
Preloading 0 native plugins for Editor in 0.00 ms.
Invoked RoslynAnalysisRunner static constructor.
RoslynAnalysisRunner will not be running.
RoslynAnalysisRunner has terminated.
Mono: successfully reloaded assembly
- Completed reload, in  0.685 seconds
Platform modules already initialized, skipping
Switching build target platform(5) subTarget(0) extendedPlatform(0) -> platform(13) subTarget(537395200) extendedPlatform(0)
Refreshing native plugins compatible for Editor in 0.51 ms, found 1 plugins.
Preloading 0 native plugins for Editor in 0.00 ms.
Unloading 2636 Unused Serialized files (Serialized files now loaded: 0)
System memory in use before: 108.1 MB.
System memory in use after: 108.4 MB.

Unloading 20 unused Assets to reduce memory usage. Loaded Objects now: 3092.
Total: 1.691900 ms (FindLiveObjects: 0.231700 ms CreateObjectMapping: 0.111600 ms MarkObjects: 1.334900 ms  DeleteObjects: 0.013000 ms)

AssetImportParameters requested are different than current active one (requested -> active):
  custom:graphics/normal-map-encoding: 01000000000000000000000000000000 -> 02000000000000000000000000000000
========================================================================
Received Prepare
Registering precompiled user dll's ...
Registered in 0.000742 seconds.
Begin MonoManager ReloadAssembly
Native extension for WindowsStandalone target not found
Refreshing native plugins compatible for Editor in 0.51 ms, found 1 plugins.
Preloading 0 native plugins for Editor in 0.00 ms.
Invoked RoslynAnalysisRunner static constructor.
RoslynAnalysisRunner will not be running.
RoslynAnalysisRunner has terminated.
Mono: successfully reloaded assembly
- Completed reload, in  0.743 seconds
Platform modules already initialized, skipping
Switching build target platform(5) subTarget(0) extendedPlatform(0) -> platform(13) subTarget(537395200) extendedPlatform(0)
Refreshing native plugins compatible for Editor in 0.51 ms, found 1 plugins.
Preloading 0 native plugins for Editor in 0.00 ms.
Unloading 2636 Unused Serialized files (Serialized files now loaded: 0)
System memory in use before: 108.3 MB.
System memory in use after: 108.5 MB.

Unloading 20 unused Assets to reduce memory usage. Loaded Objects now: 3096.
Total: 1.961700 ms (FindLiveObjects: 0.281100 ms CreateObjectMapping: 0.145200 ms MarkObjects: 1.521500 ms  DeleteObjects: 0.012900 ms)

AssetImportParameters requested are different than current active one (requested -> active):
  custom:graphics/normal-map-encoding: 01000000000000000000000000000000 -> 02000000000000000000000000000000
========================================================================
Received Import Request.
  Time since last request: 663.984696 seconds.
  path: Assets/Characters/Лейн-removebg-preview.png
  artifactKey: Guid(01546faa1ce3b75429a9c29d2dd87287) Importer(815301076,1909f56bfc062723c751e8b465ee728b)
Start importing Assets/Characters/Лейн-removebg-preview.png using Guid(01546faa1ce3b75429a9c29d2dd87287) Importer(815301076,1909f56bfc062723c751e8b465ee728b)  -> (artifact id: '1f829b602665972bf8a2f65d047506bb') in 0.108120 seconds
  Import took 0.112280 seconds .

========================================================================
Received Import Request.
  Time since last request: 0.002181 seconds.
  path: Assets/Characters/Лейн-removebg-preview.png
  artifactKey: Guid(01546faa1ce3b75429a9c29d2dd87287) Importer(815301076,1909f56bfc062723c751e8b465ee728b)
Start importing Assets/Characters/Лейн-removebg-preview.png using Guid(01546faa1ce3b75429a9c29d2dd87287) Importer(815301076,1909f56bfc062723c751e8b465ee728b)  -> (artifact id: '1f829b602665972bf8a2f65d047506bb') in 0.018003 seconds
  Import took 0.021909 seconds .

========================================================================
Received Import Request.
  Time since last request: 2.498265 seconds.
  path: Assets/background/Лейн-removebg-preview.png
  artifactKey: Guid(a72dcd5730df13745869d367b6380302) Importer(815301076,1909f56bfc062723c751e8b465ee728b)
Start importing Assets/background/Лейн-removebg-preview.png using Guid(a72dcd5730df13745869d367b6380302) Importer(815301076,1909f56bfc062723c751e8b465ee728b)  -> (artifact id: '450bfd21ee58b89e9aadb08f7aa12993') in 0.011520 seconds
  Import took 0.015332 seconds .

========================================================================
Received Import Request.
  Time since last request: 5.262089 seconds.
  path: Assets/background/icon.png
  artifactKey: Guid(f2af0bb57947f124e9de3d72a87403d8) Importer(815301076,1909f56bfc062723c751e8b465ee728b)
Start importing Assets/background/icon.png using Guid(f2af0bb57947f124e9de3d72a87403d8) Importer(815301076,1909f56bfc062723c751e8b465ee728b)  -> (artifact id: '409ff6c8c8bb36ea8fad49231fd476ae') in 0.014045 seconds
  Import took 0.018440 seconds .

========================================================================
Received Import Request.
  Time since last request: 0.001204 seconds.
  path: Assets/background/icon.png
  artifactKey: Guid(f2af0bb57947f124e9de3d72a87403d8) Importer(815301076,1909f56bfc062723c751e8b465ee728b)
Start importing Assets/background/icon.png using Guid(f2af0bb57947f124e9de3d72a87403d8) Importer(815301076,1909f56bfc062723c751e8b465ee728b)  -> (artifact id: '409ff6c8c8bb36ea8fad49231fd476ae') in 0.009786 seconds
  Import took 0.013632 seconds .

========================================================================
Received Import Request.
  Time since last request: 3.162723 seconds.
  path: Assets/background/background.png
  artifactKey: Guid(ed6542fc1becdc84fb31985f0637505e) Importer(815301076,1909f56bfc062723c751e8b465ee728b)
Start importing Assets/background/background.png using Guid(ed6542fc1becdc84fb31985f0637505e) Importer(815301076,1909f56bfc062723c751e8b465ee728b)  -> (artifact id: 'e3f690d1c7dfcf5babded14a8bfe323f') in 0.029963 seconds
  Import took 0.033877 seconds .

========================================================================
Received Import Request.
  Time since last request: 0.547090 seconds.
  path: Assets/background/2022-02-20 17-56-49 (7).png
  artifactKey: Guid(04423d3fe50bf124cbaf10285a027277) Importer(815301076,1909f56bfc062723c751e8b465ee728b)
Start importing Assets/background/2022-02-20 17-56-49 (7).png using Guid(04423d3fe50bf124cbaf10285a027277) Importer(815301076,1909f56bfc062723c751e8b465ee728b)  -> (artifact id: '48f1a4feb013a7323ea81c29f987f3aa') in 0.039727 seconds
  Import took 0.044210 seconds .

========================================================================
Received Import Request.
  Time since last request: 7.068552 seconds.
  path: Assets/background
  artifactKey: Guid(da8b61750925e6542b1dfe601f0905c0) Importer(815301076,1909f56bfc062723c751e8b465ee728b)
Start importing Assets/background using Guid(da8b61750925e6542b1dfe601f0905c0) Importer(815301076,1909f56bfc062723c751e8b465ee728b)  -> (artifact id: 'e456c967ac40cb656eb8a972ca8c7d86') in 0.001482 seconds
  Import took 0.005836 seconds .

========================================================================
Received Import Request.
  Time since last request: 0.064083 seconds.
  path: Assets/background/табло.blend
  artifactKey: Guid(4cf1e04b787b89f409287f85817e641e) Importer(815301076,1909f56bfc062723c751e8b465ee728b)
Start importing Assets/background/табло.blend using Guid(4cf1e04b787b89f409287f85817e641e) Importer(815301076,1909f56bfc062723c751e8b465ee728b)  -> (artifact id: 'f3f6a30121af254de87a908f19918ec3') in 0.064958 seconds
  Import took 0.068699 seconds .

========================================================================
Received Import Request.
  Time since last request: 38.895174 seconds.
  path: Assets/background/Лиф.png
  artifactKey: Guid(68ac8f52dd9553240aabf9ae3e750dd1) Importer(815301076,1909f56bfc062723c751e8b465ee728b)
Start importing Assets/background/Лиф.png using Guid(68ac8f52dd9553240aabf9ae3e750dd1) Importer(815301076,1909f56bfc062723c751e8b465ee728b)  -> (artifact id: '2881ee64088253d21ab06dafdf25b5ed') in 0.016406 seconds
  Import took 0.020304 seconds .

========================================================================
Received Import Request.
  Time since last request: 0.001319 seconds.
  path: Assets/background/Лиф.png
  artifactKey: Guid(68ac8f52dd9553240aabf9ae3e750dd1) Importer(815301076,1909f56bfc062723c751e8b465ee728b)
Start importing Assets/background/Лиф.png using Guid(68ac8f52dd9553240aabf9ae3e750dd1) Importer(815301076,1909f56bfc062723c751e8b465ee728b)  -> (artifact id: '2881ee64088253d21ab06dafdf25b5ed') in 0.015641 seconds
  Import took 0.019207 seconds .

========================================================================
Received Prepare
Registering precompiled user dll's ...
Registered in 0.000645 seconds.
Begin MonoManager ReloadAssembly
Native extension for WindowsStandalone target not found
Refreshing native plugins compatible for Editor in 0.52 ms, found 1 plugins.
Preloading 0 native plugins for Editor in 0.00 ms.
Invoked RoslynAnalysisRunner static constructor.
RoslynAnalysisRunner will not be running.
RoslynAnalysisRunner has terminated.
Mono: successfully reloaded assembly
- Completed reload, in  0.697 seconds
Platform modules already initialized, skipping
Switching build target platform(5) subTarget(0) extendedPlatform(0) -> platform(13) subTarget(537395200) extendedPlatform(0)
Refreshing native plugins compatible for Editor in 0.50 ms, found 1 plugins.
Preloading 0 native plugins for Editor in 0.00 ms.
Unloading 2636 Unused Serialized files (Serialized files now loaded: 0)
System memory in use before: 111.6 MB.
System memory in use after: 111.8 MB.

Unloading 21 unused Assets to reduce memory usage. Loaded Objects now: 3121.
Total: 1.767000 ms (FindLiveObjects: 0.234700 ms CreateObjectMapping: 0.107900 ms MarkObjects: 1.395200 ms  DeleteObjects: 0.028300 ms)

AssetImportParameters requested are different than current active one (requested -> active):
  custom:graphics/normal-map-encoding: 01000000000000000000000000000000 -> 02000000000000000000000000000000
========================================================================
Received Prepare
Registering precompiled user dll's ...
Registered in 0.000704 seconds.
Begin MonoManager ReloadAssembly
Native extension for WindowsStandalone target not found
Refreshing native plugins compatible for Editor in 0.59 ms, found 1 plugins.
Preloading 0 native plugins for Editor in 0.00 ms.
Invoked RoslynAnalysisRunner static constructor.
RoslynAnalysisRunner will not be running.
RoslynAnalysisRunner has terminated.
Mono: successfully reloaded assembly
- Completed reload, in  0.705 seconds
Platform modules already initialized, skipping
Switching build target platform(5) subTarget(0) extendedPlatform(0) -> platform(13) subTarget(537395200) extendedPlatform(0)
Refreshing native plugins compatible for Editor in 0.51 ms, found 1 plugins.
Preloading 0 native plugins for Editor in 0.00 ms.
Unloading 2636 Unused Serialized files (Serialized files now loaded: 0)
System memory in use before: 111.6 MB.
System memory in use after: 111.8 MB.

Unloading 20 unused Assets to reduce memory usage. Loaded Objects now: 3125.
Total: 2.177700 ms (FindLiveObjects: 0.415300 ms CreateObjectMapping: 0.203900 ms MarkObjects: 1.543300 ms  DeleteObjects: 0.014200 ms)

AssetImportParameters requested are different than current active one (requested -> active):
  custom:graphics/normal-map-encoding: 01000000000000000000000000000000 -> 02000000000000000000000000000000
========================================================================
Received Prepare
Registering precompiled user dll's ...
Registered in 0.000642 seconds.
Begin MonoManager ReloadAssembly
Native extension for WindowsStandalone target not found
Refreshing native plugins compatible for Editor in 0.51 ms, found 1 plugins.
Preloading 0 native plugins for Editor in 0.00 ms.
Invoked RoslynAnalysisRunner static constructor.
RoslynAnalysisRunner will not be running.
RoslynAnalysisRunner has terminated.
Mono: successfully reloaded assembly
- Completed reload, in  0.705 seconds
Platform modules already initialized, skipping
Switching build target platform(5) subTarget(0) extendedPlatform(0) -> platform(13) subTarget(537395200) extendedPlatform(0)
Refreshing native plugins compatible for Editor in 0.53 ms, found 1 plugins.
Preloading 0 native plugins for Editor in 0.00 ms.
Unloading 2636 Unused Serialized files (Serialized files now loaded: 0)
System memory in use before: 111.6 MB.
System memory in use after: 111.8 MB.

Unloading 20 unused Assets to reduce memory usage. Loaded Objects now: 3129.
Total: 1.961300 ms (FindLiveObjects: 0.330600 ms CreateObjectMapping: 0.151300 ms MarkObjects: 1.466300 ms  DeleteObjects: 0.012300 ms)

AssetImportParameters requested are different than current active one (requested -> active):
  custom:graphics/normal-map-encoding: 01000000000000000000000000000000 -> 02000000000000000000000000000000
========================================================================
Received Import Request.
  Time since last request: 911.068851 seconds.
  path: Assets/Scenes/Start.unity
  artifactKey: Guid(7f954cce71b918e478482421c4dcf9c1) Importer(815301076,1909f56bfc062723c751e8b465ee728b)
Start importing Assets/Scenes/Start.unity using Guid(7f954cce71b918e478482421c4dcf9c1) Importer(815301076,1909f56bfc062723c751e8b465ee728b)  -> (artifact id: '512efafea6a5957763127d983ef6c819') in 0.014370 seconds
  Import took 0.018472 seconds .

========================================================================
Received Prepare
Registering precompiled user dll's ...
Registered in 0.000758 seconds.
Begin MonoManager ReloadAssembly
Native extension for WindowsStandalone target not found
Refreshing native plugins compatible for Editor in 0.81 ms, found 1 plugins.
Preloading 0 native plugins for Editor in 0.00 ms.
Invoked RoslynAnalysisRunner static constructor.
RoslynAnalysisRunner will not be running.
RoslynAnalysisRunner has terminated.
Mono: successfully reloaded assembly
- Completed reload, in  0.764 seconds
Platform modules already initialized, skipping
Switching build target platform(5) subTarget(0) extendedPlatform(0) -> platform(13) subTarget(537395200) extendedPlatform(0)
Refreshing native plugins compatible for Editor in 0.58 ms, found 1 plugins.
Preloading 0 native plugins for Editor in 0.00 ms.
Unloading 2636 Unused Serialized files (Serialized files now loaded: 0)
System memory in use before: 111.6 MB.
System memory in use after: 111.8 MB.

Unloading 20 unused Assets to reduce memory usage. Loaded Objects now: 3133.
Total: 2.290500 ms (FindLiveObjects: 0.412400 ms CreateObjectMapping: 0.120100 ms MarkObjects: 1.729900 ms  DeleteObjects: 0.027100 ms)

AssetImportParameters requested are different than current active one (requested -> active):
  custom:graphics/normal-map-encoding: 01000000000000000000000000000000 -> 02000000000000000000000000000000
========================================================================
Received Import Request.
  Time since last request: 110.516772 seconds.
  path: Assets/Scenes/Main.unity
  artifactKey: Guid(c707d77fe6c60ff4eb9e9bcd0f71a7e6) Importer(815301076,1909f56bfc062723c751e8b465ee728b)
Start importing Assets/Scenes/Main.unity using Guid(c707d77fe6c60ff4eb9e9bcd0f71a7e6) Importer(815301076,1909f56bfc062723c751e8b465ee728b)  -> (artifact id: 'c2fd6002374b9f6203b2ea61c70a3ca5') in 0.010156 seconds
  Import took 0.013553 seconds .

========================================================================
Received Prepare
Registering precompiled user dll's ...
Registered in 0.000684 seconds.
Begin MonoManager ReloadAssembly
Native extension for WindowsStandalone target not found
Refreshing native plugins compatible for Editor in 0.53 ms, found 1 plugins.
Preloading 0 native plugins for Editor in 0.00 ms.
Invoked RoslynAnalysisRunner static constructor.
RoslynAnalysisRunner will not be running.
RoslynAnalysisRunner has terminated.
Mono: successfully reloaded assembly
- Completed reload, in  0.746 seconds
Platform modules already initialized, skipping
Switching build target platform(5) subTarget(0) extendedPlatform(0) -> platform(13) subTarget(537395200) extendedPlatform(0)
Refreshing native plugins compatible for Editor in 0.53 ms, found 1 plugins.
Preloading 0 native plugins for Editor in 0.00 ms.
Unloading 2636 Unused Serialized files (Serialized files now loaded: 0)
System memory in use before: 111.6 MB.
System memory in use after: 111.8 MB.

Unloading 20 unused Assets to reduce memory usage. Loaded Objects now: 3137.
Total: 2.114900 ms (FindLiveObjects: 0.307000 ms CreateObjectMapping: 0.116200 ms MarkObjects: 1.677500 ms  DeleteObjects: 0.013100 ms)

AssetImportParameters requested are different than current active one (requested -> active):
  custom:graphics/normal-map-encoding: 01000000000000000000000000000000 -> 02000000000000000000000000000000
========================================================================
Received Import Request.
  Time since last request: 1285.498334 seconds.
  path: Assets/Library/Fungus/Fonts/Exo2
  artifactKey: Guid(e3712f6aa5daa46efa690a7288358254) Importer(815301076,1909f56bfc062723c751e8b465ee728b)
Start importing Assets/Library/Fungus/Fonts/Exo2 using Guid(e3712f6aa5daa46efa690a7288358254) Importer(815301076,1909f56bfc062723c751e8b465ee728b)  -> (artifact id: 'dd00d558b736101d2da293b7d8955a4b') in 0.008659 seconds
  Import took 0.013480 seconds .

========================================================================
Received Import Request.
  Time since last request: 123.147432 seconds.
  path: Assets/Library/Fungus/Fonts/beer money.ttf
  artifactKey: Guid(3da10e764347997469b7c992d6969967) Importer(815301076,1909f56bfc062723c751e8b465ee728b)
Start importing Assets/Library/Fungus/Fonts/beer money.ttf using Guid(3da10e764347997469b7c992d6969967) Importer(815301076,1909f56bfc062723c751e8b465ee728b)  -> (artifact id: '04df14007e25c4851fd9e3a27d5dbf81') in 0.061142 seconds
  Import took 0.064882 seconds .

========================================================================
Received Prepare
Registering precompiled user dll's ...
Registered in 0.000786 seconds.
Begin MonoManager ReloadAssembly
Native extension for WindowsStandalone target not found
Refreshing native plugins compatible for Editor in 0.54 ms, found 1 plugins.
Preloading 0 native plugins for Editor in 0.00 ms.
Invoked RoslynAnalysisRunner static constructor.
RoslynAnalysisRunner will not be running.
RoslynAnalysisRunner has terminated.
Mono: successfully reloaded assembly
- Completed reload, in  0.777 seconds
Platform modules already initialized, skipping
Switching build target platform(5) subTarget(0) extendedPlatform(0) -> platform(13) subTarget(537395200) extendedPlatform(0)
Refreshing native plugins compatible for Editor in 0.58 ms, found 1 plugins.
Preloading 0 native plugins for Editor in 0.00 ms.
Unloading 2636 Unused Serialized files (Serialized files now loaded: 0)
System memory in use before: 112.0 MB.
System memory in use after: 112.2 MB.

Unloading 20 unused Assets to reduce memory usage. Loaded Objects now: 3179.
Total: 2.375500 ms (FindLiveObjects: 0.244200 ms CreateObjectMapping: 0.114500 ms MarkObjects: 2.000800 ms  DeleteObjects: 0.015000 ms)

AssetImportParameters requested are different than current active one (requested -> active):
  custom:graphics/normal-map-encoding: 01000000000000000000000000000000 -> 02000000000000000000000000000000
========================================================================
Received Prepare
Registering precompiled user dll's ...
Registered in 0.000698 seconds.
Begin MonoManager ReloadAssembly
Native extension for WindowsStandalone target not found
Refreshing native plugins compatible for Editor in 0.51 ms, found 1 plugins.
Preloading 0 native plugins for Editor in 0.00 ms.
Invoked RoslynAnalysisRunner static constructor.
RoslynAnalysisRunner will not be running.
RoslynAnalysisRunner has terminated.
Mono: successfully reloaded assembly
- Completed reload, in  0.745 seconds
Platform modules already initialized, skipping
Switching build target platform(5) subTarget(0) extendedPlatform(0) -> platform(13) subTarget(537395200) extendedPlatform(0)
Refreshing native plugins compatible for Editor in 0.57 ms, found 1 plugins.
Preloading 0 native plugins for Editor in 0.00 ms.
Unloading 2636 Unused Serialized files (Serialized files now loaded: 0)
System memory in use before: 112.0 MB.
System memory in use after: 112.2 MB.

Unloading 20 unused Assets to reduce memory usage. Loaded Objects now: 3183.
Total: 1.858600 ms (FindLiveObjects: 0.240300 ms CreateObjectMapping: 0.111800 ms MarkObjects: 1.462800 ms  DeleteObjects: 0.029200 ms)

AssetImportParameters requested are different than current active one (requested -> active):
  custom:graphics/normal-map-encoding: 01000000000000000000000000000000 -> 02000000000000000000000000000000
========================================================================
Received Import Request.
  Time since last request: 837.398583 seconds.
  path: Assets/Scenes/Main.unity
  artifactKey: Guid(c707d77fe6c60ff4eb9e9bcd0f71a7e6) Importer(815301076,1909f56bfc062723c751e8b465ee728b)
Start importing Assets/Scenes/Main.unity using Guid(c707d77fe6c60ff4eb9e9bcd0f71a7e6) Importer(815301076,1909f56bfc062723c751e8b465ee728b)  -> (artifact id: '938582fb0478b86f754afda4197974a3') in 0.012909 seconds
  Import took 0.017030 seconds .

========================================================================
Received Prepare
Registering precompiled user dll's ...
Registered in 0.000925 seconds.
Begin MonoManager ReloadAssembly
Native extension for WindowsStandalone target not found
Refreshing native plugins compatible for Editor in 0.63 ms, found 1 plugins.
Preloading 0 native plugins for Editor in 0.00 ms.
Invoked RoslynAnalysisRunner static constructor.
RoslynAnalysisRunner will not be running.
RoslynAnalysisRunner has terminated.
Mono: successfully reloaded assembly
- Completed reload, in  0.779 seconds
Platform modules already initialized, skipping
Switching build target platform(5) subTarget(0) extendedPlatform(0) -> platform(13) subTarget(537395200) extendedPlatform(0)
Refreshing native plugins compatible for Editor in 0.52 ms, found 1 plugins.
Preloading 0 native plugins for Editor in 0.00 ms.
Unloading 2636 Unused Serialized files (Serialized files now loaded: 0)
System memory in use before: 112.0 MB.
System memory in use after: 112.2 MB.

Unloading 20 unused Assets to reduce memory usage. Loaded Objects now: 3187.
Total: 2.091300 ms (FindLiveObjects: 0.268900 ms CreateObjectMapping: 0.119700 ms MarkObjects: 1.687100 ms  DeleteObjects: 0.014500 ms)

AssetImportParameters requested are different than current active one (requested -> active):
  custom:graphics/normal-map-encoding: 01000000000000000000000000000000 -> 02000000000000000000000000000000
AssetImportWorkerClient::OnTransportError - code=2 error=End of file
